{"/Users/mikhail/Desktop/GoIT/nodejs-homework-api/app.js": {"path":"/Users/mikhail/Desktop/GoIT/nodejs-homework-api/app.js","statementMap":{"0":{"start":{"line":1,"column":16},"end":{"line":1,"column":34}},"1":{"start":{"line":2,"column":15},"end":{"line":2,"column":32}},"2":{"start":{"line":3,"column":13},"end":{"line":3,"column":28}},"3":{"start":{"line":4,"column":15},"end":{"line":4,"column":32}},"4":{"start":{"line":5,"column":18},"end":{"line":5,"column":47}},"5":{"start":{"line":6,"column":19},"end":{"line":6,"column":51}},"6":{"start":{"line":7,"column":13},"end":{"line":7,"column":28}},"7":{"start":{"line":8,"column":23},"end":{"line":8,"column":53}},"8":{"start":{"line":9,"column":0},"end":{"line":9,"column":27}},"9":{"start":{"line":10,"column":24},"end":{"line":10,"column":51}},"10":{"start":{"line":13,"column":23},"end":{"line":13,"column":55}},"11":{"start":{"line":14,"column":20},"end":{"line":14,"column":49}},"12":{"start":{"line":16,"column":12},"end":{"line":16,"column":21}},"13":{"start":{"line":18,"column":22},"end":{"line":18,"column":72}},"14":{"start":{"line":20,"column":0},"end":{"line":20,"column":18}},"15":{"start":{"line":21,"column":0},"end":{"line":21,"column":73}},"16":{"start":{"line":22,"column":0},"end":{"line":22,"column":53}},"17":{"start":{"line":23,"column":0},"end":{"line":23,"column":16}},"18":{"start":{"line":24,"column":0},"end":{"line":24,"column":40}},"19":{"start":{"line":25,"column":0},"end":{"line":25,"column":22}},"20":{"start":{"line":26,"column":0},"end":{"line":26,"column":40}},"21":{"start":{"line":28,"column":0},"end":{"line":28,"column":41}},"22":{"start":{"line":29,"column":0},"end":{"line":29,"column":35}},"23":{"start":{"line":31,"column":0},"end":{"line":33,"column":3}},"24":{"start":{"line":32,"column":2},"end":{"line":32,"column":77}},"25":{"start":{"line":35,"column":0},"end":{"line":40,"column":3}},"26":{"start":{"line":36,"column":17},"end":{"line":36,"column":34}},"27":{"start":{"line":37,"column":2},"end":{"line":39,"column":93}},"28":{"start":{"line":42,"column":0},"end":{"line":44,"column":3}},"29":{"start":{"line":43,"column":2},"end":{"line":43,"column":70}},"30":{"start":{"line":46,"column":0},"end":{"line":46,"column":21}}},"fnMap":{"0":{"name":"(anonymous_0)","decl":{"start":{"line":31,"column":8},"end":{"line":31,"column":9}},"loc":{"start":{"line":31,"column":22},"end":{"line":33,"column":1}},"line":31},"1":{"name":"(anonymous_1)","decl":{"start":{"line":35,"column":8},"end":{"line":35,"column":9}},"loc":{"start":{"line":35,"column":33},"end":{"line":40,"column":1}},"line":35},"2":{"name":"(anonymous_2)","decl":{"start":{"line":42,"column":33},"end":{"line":42,"column":34}},"loc":{"start":{"line":42,"column":54},"end":{"line":44,"column":1}},"line":42}},"branchMap":{"0":{"loc":{"start":{"line":18,"column":22},"end":{"line":18,"column":72}},"type":"cond-expr","locations":[{"start":{"line":18,"column":57},"end":{"line":18,"column":62}},{"start":{"line":18,"column":65},"end":{"line":18,"column":72}}],"line":18},"1":{"loc":{"start":{"line":22,"column":0},"end":{"line":22,"column":52}},"type":"binary-expr","locations":[{"start":{"line":22,"column":0},"end":{"line":22,"column":25}},{"start":{"line":22,"column":30},"end":{"line":22,"column":51}}],"line":22},"2":{"loc":{"start":{"line":36,"column":17},"end":{"line":36,"column":34}},"type":"binary-expr","locations":[{"start":{"line":36,"column":17},"end":{"line":36,"column":27}},{"start":{"line":36,"column":31},"end":{"line":36,"column":34}}],"line":36},"3":{"loc":{"start":{"line":39,"column":20},"end":{"line":39,"column":53}},"type":"cond-expr","locations":[{"start":{"line":39,"column":37},"end":{"line":39,"column":43}},{"start":{"line":39,"column":46},"end":{"line":39,"column":53}}],"line":39}},"s":{"0":1,"1":1,"2":1,"3":1,"4":1,"5":1,"6":1,"7":1,"8":1,"9":1,"10":1,"11":1,"12":1,"13":1,"14":1,"15":1,"16":1,"17":1,"18":1,"19":1,"20":1,"21":1,"22":1,"23":1,"24":0,"25":1,"26":0,"27":0,"28":1,"29":0,"30":1},"f":{"0":0,"1":0,"2":0},"b":{"0":[0,1],"1":[1,0],"2":[0,0],"3":[0,0]},"_coverageSchema":"1a1c01bbd47fc00a2c39e90264f33305004495a9","hash":"7f34e916525a20e442ea2eda1d3b794e1d4f05c3"}
,"/Users/mikhail/Desktop/GoIT/nodejs-homework-api/config/passport.js": {"path":"/Users/mikhail/Desktop/GoIT/nodejs-homework-api/config/passport.js","statementMap":{"0":{"start":{"line":1,"column":17},"end":{"line":1,"column":36}},"1":{"start":{"line":2,"column":46},"end":{"line":2,"column":69}},"2":{"start":{"line":3,"column":0},"end":{"line":3,"column":27}},"3":{"start":{"line":4,"column":19},"end":{"line":4,"column":41}},"4":{"start":{"line":5,"column":14},"end":{"line":5,"column":46}},"5":{"start":{"line":7,"column":13},"end":{"line":7,"column":15}},"6":{"start":{"line":8,"column":0},"end":{"line":8,"column":63}},"7":{"start":{"line":9,"column":0},"end":{"line":9,"column":30}},"8":{"start":{"line":11,"column":0},"end":{"line":26,"column":2}},"9":{"start":{"line":13,"column":8},"end":{"line":24,"column":9}},"10":{"start":{"line":14,"column":25},"end":{"line":14,"column":57}},"11":{"start":{"line":15,"column":12},"end":{"line":17,"column":13}},"12":{"start":{"line":16,"column":16},"end":{"line":16,"column":57}},"13":{"start":{"line":18,"column":12},"end":{"line":20,"column":13}},"14":{"start":{"line":19,"column":16},"end":{"line":19,"column":41}},"15":{"start":{"line":21,"column":12},"end":{"line":21,"column":36}},"16":{"start":{"line":23,"column":12},"end":{"line":23,"column":27}}},"fnMap":{"0":{"name":"(anonymous_0)","decl":{"start":{"line":12,"column":26},"end":{"line":12,"column":27}},"loc":{"start":{"line":12,"column":51},"end":{"line":25,"column":5}},"line":12}},"branchMap":{"0":{"loc":{"start":{"line":15,"column":12},"end":{"line":17,"column":13}},"type":"if","locations":[{"start":{"line":15,"column":12},"end":{"line":17,"column":13}},{"start":{"line":15,"column":12},"end":{"line":17,"column":13}}],"line":15},"1":{"loc":{"start":{"line":18,"column":12},"end":{"line":20,"column":13}},"type":"if","locations":[{"start":{"line":18,"column":12},"end":{"line":20,"column":13}},{"start":{"line":18,"column":12},"end":{"line":20,"column":13}}],"line":18}},"s":{"0":2,"1":2,"2":2,"3":2,"4":2,"5":2,"6":2,"7":2,"8":2,"9":1,"10":1,"11":1,"12":0,"13":1,"14":0,"15":1,"16":0},"f":{"0":1},"b":{"0":[0,1],"1":[0,1]},"_coverageSchema":"1a1c01bbd47fc00a2c39e90264f33305004495a9","hash":"efd2cb3bfc36456e6e284aa67cc9985d5932f048"}
,"/Users/mikhail/Desktop/GoIT/nodejs-homework-api/controllers/contacts.js": {"path":"/Users/mikhail/Desktop/GoIT/nodejs-homework-api/controllers/contacts.js","statementMap":{"0":{"start":{"line":1,"column":17},"end":{"line":1,"column":52}},"1":{"start":{"line":2,"column":21},"end":{"line":2,"column":52}},"2":{"start":{"line":4,"column":23},"end":{"line":12,"column":1}},"3":{"start":{"line":5,"column":2},"end":{"line":11,"column":3}},"4":{"start":{"line":6,"column":19},"end":{"line":6,"column":30}},"5":{"start":{"line":7,"column":25},"end":{"line":7,"column":71}},"6":{"start":{"line":8,"column":4},"end":{"line":8,"column":105}},"7":{"start":{"line":10,"column":4},"end":{"line":10,"column":12}},"8":{"start":{"line":14,"column":23},"end":{"line":25,"column":1}},"9":{"start":{"line":15,"column":2},"end":{"line":24,"column":3}},"10":{"start":{"line":16,"column":19},"end":{"line":16,"column":30}},"11":{"start":{"line":17,"column":20},"end":{"line":17,"column":79}},"12":{"start":{"line":18,"column":4},"end":{"line":20,"column":5}},"13":{"start":{"line":19,"column":6},"end":{"line":19,"column":102}},"14":{"start":{"line":21,"column":4},"end":{"line":21,"column":115}},"15":{"start":{"line":23,"column":4},"end":{"line":23,"column":11}},"16":{"start":{"line":27,"column":19},"end":{"line":40,"column":1}},"17":{"start":{"line":28,"column":2},"end":{"line":39,"column":3}},"18":{"start":{"line":29,"column":19},"end":{"line":29,"column":30}},"19":{"start":{"line":30,"column":20},"end":{"line":30,"column":63}},"20":{"start":{"line":31,"column":4},"end":{"line":33,"column":77}},"21":{"start":{"line":35,"column":4},"end":{"line":37,"column":5}},"22":{"start":{"line":36,"column":6},"end":{"line":36,"column":38}},"23":{"start":{"line":38,"column":4},"end":{"line":38,"column":12}},"24":{"start":{"line":42,"column":22},"end":{"line":53,"column":1}},"25":{"start":{"line":43,"column":2},"end":{"line":52,"column":3}},"26":{"start":{"line":44,"column":19},"end":{"line":44,"column":30}},"27":{"start":{"line":45,"column":20},"end":{"line":45,"column":78}},"28":{"start":{"line":46,"column":4},"end":{"line":48,"column":5}},"29":{"start":{"line":47,"column":6},"end":{"line":47,"column":102}},"30":{"start":{"line":49,"column":4},"end":{"line":49,"column":115}},"31":{"start":{"line":51,"column":4},"end":{"line":51,"column":11}},"32":{"start":{"line":55,"column":22},"end":{"line":66,"column":1}},"33":{"start":{"line":56,"column":2},"end":{"line":65,"column":3}},"34":{"start":{"line":57,"column":19},"end":{"line":57,"column":30}},"35":{"start":{"line":58,"column":20},"end":{"line":58,"column":88}},"36":{"start":{"line":59,"column":4},"end":{"line":61,"column":5}},"37":{"start":{"line":60,"column":6},"end":{"line":60,"column":102}},"38":{"start":{"line":62,"column":4},"end":{"line":62,"column":115}},"39":{"start":{"line":64,"column":4},"end":{"line":64,"column":11}},"40":{"start":{"line":68,"column":28},"end":{"line":82,"column":1}},"41":{"start":{"line":69,"column":2},"end":{"line":81,"column":3}},"42":{"start":{"line":70,"column":4},"end":{"line":72,"column":5}},"43":{"start":{"line":71,"column":6},"end":{"line":71,"column":134}},"44":{"start":{"line":73,"column":19},"end":{"line":73,"column":30}},"45":{"start":{"line":74,"column":20},"end":{"line":74,"column":94}},"46":{"start":{"line":75,"column":4},"end":{"line":77,"column":5}},"47":{"start":{"line":76,"column":6},"end":{"line":76,"column":102}},"48":{"start":{"line":78,"column":4},"end":{"line":78,"column":116}},"49":{"start":{"line":80,"column":4},"end":{"line":80,"column":12}},"50":{"start":{"line":84,"column":0},"end":{"line":91,"column":2}}},"fnMap":{"0":{"name":"(anonymous_0)","decl":{"start":{"line":4,"column":23},"end":{"line":4,"column":24}},"loc":{"start":{"line":4,"column":49},"end":{"line":12,"column":1}},"line":4},"1":{"name":"(anonymous_1)","decl":{"start":{"line":14,"column":23},"end":{"line":14,"column":24}},"loc":{"start":{"line":14,"column":49},"end":{"line":25,"column":1}},"line":14},"2":{"name":"(anonymous_2)","decl":{"start":{"line":27,"column":19},"end":{"line":27,"column":20}},"loc":{"start":{"line":27,"column":45},"end":{"line":40,"column":1}},"line":27},"3":{"name":"(anonymous_3)","decl":{"start":{"line":42,"column":22},"end":{"line":42,"column":23}},"loc":{"start":{"line":42,"column":48},"end":{"line":53,"column":1}},"line":42},"4":{"name":"(anonymous_4)","decl":{"start":{"line":55,"column":22},"end":{"line":55,"column":23}},"loc":{"start":{"line":55,"column":48},"end":{"line":66,"column":1}},"line":55},"5":{"name":"(anonymous_5)","decl":{"start":{"line":68,"column":28},"end":{"line":68,"column":29}},"loc":{"start":{"line":68,"column":54},"end":{"line":82,"column":1}},"line":68}},"branchMap":{"0":{"loc":{"start":{"line":18,"column":4},"end":{"line":20,"column":5}},"type":"if","locations":[{"start":{"line":18,"column":4},"end":{"line":20,"column":5}},{"start":{"line":18,"column":4},"end":{"line":20,"column":5}}],"line":18},"1":{"loc":{"start":{"line":35,"column":4},"end":{"line":37,"column":5}},"type":"if","locations":[{"start":{"line":35,"column":4},"end":{"line":37,"column":5}},{"start":{"line":35,"column":4},"end":{"line":37,"column":5}}],"line":35},"2":{"loc":{"start":{"line":46,"column":4},"end":{"line":48,"column":5}},"type":"if","locations":[{"start":{"line":46,"column":4},"end":{"line":48,"column":5}},{"start":{"line":46,"column":4},"end":{"line":48,"column":5}}],"line":46},"3":{"loc":{"start":{"line":59,"column":4},"end":{"line":61,"column":5}},"type":"if","locations":[{"start":{"line":59,"column":4},"end":{"line":61,"column":5}},{"start":{"line":59,"column":4},"end":{"line":61,"column":5}}],"line":59},"4":{"loc":{"start":{"line":70,"column":4},"end":{"line":72,"column":5}},"type":"if","locations":[{"start":{"line":70,"column":4},"end":{"line":72,"column":5}},{"start":{"line":70,"column":4},"end":{"line":72,"column":5}}],"line":70},"5":{"loc":{"start":{"line":75,"column":4},"end":{"line":77,"column":5}},"type":"if","locations":[{"start":{"line":75,"column":4},"end":{"line":77,"column":5}},{"start":{"line":75,"column":4},"end":{"line":77,"column":5}}],"line":75}},"s":{"0":1,"1":1,"2":1,"3":0,"4":0,"5":0,"6":0,"7":0,"8":1,"9":0,"10":0,"11":0,"12":0,"13":0,"14":0,"15":0,"16":1,"17":0,"18":0,"19":0,"20":0,"21":0,"22":0,"23":0,"24":1,"25":0,"26":0,"27":0,"28":0,"29":0,"30":0,"31":0,"32":1,"33":0,"34":0,"35":0,"36":0,"37":0,"38":0,"39":0,"40":1,"41":0,"42":0,"43":0,"44":0,"45":0,"46":0,"47":0,"48":0,"49":0,"50":1},"f":{"0":0,"1":0,"2":0,"3":0,"4":0,"5":0},"b":{"0":[0,0],"1":[0,0],"2":[0,0],"3":[0,0],"4":[0,0],"5":[0,0]},"_coverageSchema":"1a1c01bbd47fc00a2c39e90264f33305004495a9","hash":"6457f153848c0d0e360e695275bed41bc0d14a5c"}
,"/Users/mikhail/Desktop/GoIT/nodejs-homework-api/controllers/users.js": {"path":"/Users/mikhail/Desktop/GoIT/nodejs-homework-api/controllers/users.js","statementMap":{"0":{"start":{"line":1,"column":14},"end":{"line":1,"column":46}},"1":{"start":{"line":2,"column":12},"end":{"line":2,"column":35}},"2":{"start":{"line":3,"column":11},"end":{"line":3,"column":33}},"3":{"start":{"line":4,"column":13},"end":{"line":4,"column":28}},"4":{"start":{"line":6,"column":0},"end":{"line":6,"column":27}},"5":{"start":{"line":7,"column":28},"end":{"line":7,"column":63}},"6":{"start":{"line":9,"column":21},"end":{"line":9,"column":52}},"7":{"start":{"line":10,"column":19},"end":{"line":10,"column":41}},"8":{"start":{"line":12,"column":24},"end":{"line":12,"column":72}},"9":{"start":{"line":14,"column":17},"end":{"line":38,"column":1}},"10":{"start":{"line":15,"column":4},"end":{"line":37,"column":5}},"11":{"start":{"line":17,"column":21},"end":{"line":17,"column":60}},"12":{"start":{"line":19,"column":8},"end":{"line":25,"column":9}},"13":{"start":{"line":20,"column":12},"end":{"line":24,"column":15}},"14":{"start":{"line":27,"column":51},"end":{"line":27,"column":79}},"15":{"start":{"line":29,"column":8},"end":{"line":33,"column":11}},"16":{"start":{"line":36,"column":8},"end":{"line":36,"column":16}},"17":{"start":{"line":40,"column":14},"end":{"line":66,"column":1}},"18":{"start":{"line":41,"column":4},"end":{"line":65,"column":5}},"19":{"start":{"line":42,"column":21},"end":{"line":42,"column":60}},"20":{"start":{"line":43,"column":32},"end":{"line":43,"column":78}},"21":{"start":{"line":45,"column":8},"end":{"line":51,"column":9}},"22":{"start":{"line":46,"column":12},"end":{"line":50,"column":15}},"23":{"start":{"line":53,"column":55},"end":{"line":53,"column":59}},"24":{"start":{"line":54,"column":24},"end":{"line":54,"column":30}},"25":{"start":{"line":55,"column":22},"end":{"line":55,"column":72}},"26":{"start":{"line":57,"column":8},"end":{"line":57,"column":43}},"27":{"start":{"line":58,"column":8},"end":{"line":62,"column":11}},"28":{"start":{"line":64,"column":8},"end":{"line":64,"column":16}},"29":{"start":{"line":68,"column":16},"end":{"line":90,"column":1}},"30":{"start":{"line":69,"column":4},"end":{"line":89,"column":5}},"31":{"start":{"line":70,"column":21},"end":{"line":70,"column":60}},"32":{"start":{"line":72,"column":8},"end":{"line":78,"column":9}},"33":{"start":{"line":73,"column":12},"end":{"line":77,"column":15}},"34":{"start":{"line":80,"column":51},"end":{"line":80,"column":55}},"35":{"start":{"line":82,"column":8},"end":{"line":86,"column":11}},"36":{"start":{"line":88,"column":8},"end":{"line":88,"column":16}},"37":{"start":{"line":92,"column":27},"end":{"line":126,"column":1}},"38":{"start":{"line":93,"column":4},"end":{"line":125,"column":5}},"39":{"start":{"line":94,"column":21},"end":{"line":94,"column":60}},"40":{"start":{"line":96,"column":8},"end":{"line":102,"column":9}},"41":{"start":{"line":97,"column":12},"end":{"line":101,"column":15}},"42":{"start":{"line":104,"column":8},"end":{"line":110,"column":9}},"43":{"start":{"line":105,"column":12},"end":{"line":109,"column":15}},"44":{"start":{"line":112,"column":30},"end":{"line":112,"column":34}},"45":{"start":{"line":113,"column":31},"end":{"line":113,"column":35}},"46":{"start":{"line":114,"column":8},"end":{"line":114,"column":59}},"47":{"start":{"line":116,"column":8},"end":{"line":116,"column":57}},"48":{"start":{"line":118,"column":8},"end":{"line":122,"column":11}},"49":{"start":{"line":124,"column":8},"end":{"line":124,"column":16}},"50":{"start":{"line":128,"column":15},"end":{"line":146,"column":1}},"51":{"start":{"line":129,"column":4},"end":{"line":145,"column":5}},"52":{"start":{"line":130,"column":21},"end":{"line":130,"column":55}},"53":{"start":{"line":132,"column":8},"end":{"line":138,"column":9}},"54":{"start":{"line":133,"column":12},"end":{"line":137,"column":15}},"55":{"start":{"line":140,"column":19},"end":{"line":140,"column":26}},"56":{"start":{"line":141,"column":8},"end":{"line":141,"column":41}},"57":{"start":{"line":142,"column":8},"end":{"line":142,"column":56}},"58":{"start":{"line":144,"column":8},"end":{"line":144,"column":15}},"59":{"start":{"line":148,"column":16},"end":{"line":179,"column":1}},"60":{"start":{"line":150,"column":4},"end":{"line":177,"column":5}},"61":{"start":{"line":151,"column":8},"end":{"line":157,"column":9}},"62":{"start":{"line":152,"column":12},"end":{"line":156,"column":15}},"63":{"start":{"line":159,"column":19},"end":{"line":159,"column":30}},"64":{"start":{"line":160,"column":24},"end":{"line":160,"column":64}},"65":{"start":{"line":161,"column":26},"end":{"line":161,"column":82}},"66":{"start":{"line":163,"column":8},"end":{"line":167,"column":9}},"67":{"start":{"line":164,"column":12},"end":{"line":164,"column":76}},"68":{"start":{"line":166,"column":12},"end":{"line":166,"column":35}},"69":{"start":{"line":169,"column":8},"end":{"line":169,"column":48}},"70":{"start":{"line":170,"column":8},"end":{"line":174,"column":11}},"71":{"start":{"line":176,"column":8},"end":{"line":176,"column":20}},"72":{"start":{"line":181,"column":0},"end":{"line":188,"column":2}}},"fnMap":{"0":{"name":"(anonymous_0)","decl":{"start":{"line":14,"column":17},"end":{"line":14,"column":18}},"loc":{"start":{"line":14,"column":43},"end":{"line":38,"column":1}},"line":14},"1":{"name":"(anonymous_1)","decl":{"start":{"line":40,"column":14},"end":{"line":40,"column":15}},"loc":{"start":{"line":40,"column":40},"end":{"line":66,"column":1}},"line":40},"2":{"name":"(anonymous_2)","decl":{"start":{"line":68,"column":16},"end":{"line":68,"column":17}},"loc":{"start":{"line":68,"column":42},"end":{"line":90,"column":1}},"line":68},"3":{"name":"(anonymous_3)","decl":{"start":{"line":92,"column":27},"end":{"line":92,"column":28}},"loc":{"start":{"line":92,"column":53},"end":{"line":126,"column":1}},"line":92},"4":{"name":"(anonymous_4)","decl":{"start":{"line":128,"column":15},"end":{"line":128,"column":16}},"loc":{"start":{"line":128,"column":41},"end":{"line":146,"column":1}},"line":128},"5":{"name":"(anonymous_5)","decl":{"start":{"line":148,"column":16},"end":{"line":148,"column":17}},"loc":{"start":{"line":148,"column":42},"end":{"line":179,"column":1}},"line":148}},"branchMap":{"0":{"loc":{"start":{"line":19,"column":8},"end":{"line":25,"column":9}},"type":"if","locations":[{"start":{"line":19,"column":8},"end":{"line":25,"column":9}},{"start":{"line":19,"column":8},"end":{"line":25,"column":9}}],"line":19},"1":{"loc":{"start":{"line":45,"column":8},"end":{"line":51,"column":9}},"type":"if","locations":[{"start":{"line":45,"column":8},"end":{"line":51,"column":9}},{"start":{"line":45,"column":8},"end":{"line":51,"column":9}}],"line":45},"2":{"loc":{"start":{"line":45,"column":12},"end":{"line":45,"column":37}},"type":"binary-expr","locations":[{"start":{"line":45,"column":12},"end":{"line":45,"column":17}},{"start":{"line":45,"column":21},"end":{"line":45,"column":37}}],"line":45},"3":{"loc":{"start":{"line":72,"column":8},"end":{"line":78,"column":9}},"type":"if","locations":[{"start":{"line":72,"column":8},"end":{"line":78,"column":9}},{"start":{"line":72,"column":8},"end":{"line":78,"column":9}}],"line":72},"4":{"loc":{"start":{"line":96,"column":8},"end":{"line":102,"column":9}},"type":"if","locations":[{"start":{"line":96,"column":8},"end":{"line":102,"column":9}},{"start":{"line":96,"column":8},"end":{"line":102,"column":9}}],"line":96},"5":{"loc":{"start":{"line":104,"column":8},"end":{"line":110,"column":9}},"type":"if","locations":[{"start":{"line":104,"column":8},"end":{"line":110,"column":9}},{"start":{"line":104,"column":8},"end":{"line":110,"column":9}}],"line":104},"6":{"loc":{"start":{"line":132,"column":8},"end":{"line":138,"column":9}},"type":"if","locations":[{"start":{"line":132,"column":8},"end":{"line":138,"column":9}},{"start":{"line":132,"column":8},"end":{"line":138,"column":9}}],"line":132},"7":{"loc":{"start":{"line":151,"column":8},"end":{"line":157,"column":9}},"type":"if","locations":[{"start":{"line":151,"column":8},"end":{"line":157,"column":9}},{"start":{"line":151,"column":8},"end":{"line":157,"column":9}}],"line":151}},"s":{"0":1,"1":1,"2":1,"3":1,"4":1,"5":1,"6":1,"7":1,"8":1,"9":1,"10":0,"11":0,"12":0,"13":0,"14":0,"15":0,"16":0,"17":1,"18":0,"19":0,"20":0,"21":0,"22":0,"23":0,"24":0,"25":0,"26":0,"27":0,"28":0,"29":1,"30":0,"31":0,"32":0,"33":0,"34":0,"35":0,"36":0,"37":1,"38":0,"39":0,"40":0,"41":0,"42":0,"43":0,"44":0,"45":0,"46":0,"47":0,"48":0,"49":0,"50":1,"51":0,"52":0,"53":0,"54":0,"55":0,"56":0,"57":0,"58":0,"59":1,"60":1,"61":1,"62":0,"63":1,"64":1,"65":1,"66":1,"67":1,"68":0,"69":1,"70":1,"71":0,"72":1},"f":{"0":0,"1":0,"2":0,"3":0,"4":0,"5":1},"b":{"0":[0,0],"1":[0,0],"2":[0,0],"3":[0,0],"4":[0,0],"5":[0,0],"6":[0,0],"7":[0,1]},"_coverageSchema":"1a1c01bbd47fc00a2c39e90264f33305004495a9","hash":"3374a616fd8abfacfe38d132d944aa5a566330a5"}
,"/Users/mikhail/Desktop/GoIT/nodejs-homework-api/helpers/constants.js": {"path":"/Users/mikhail/Desktop/GoIT/nodejs-homework-api/helpers/constants.js","statementMap":{"0":{"start":{"line":1,"column":17},"end":{"line":12,"column":1}},"1":{"start":{"line":14,"column":21},"end":{"line":18,"column":1}},"2":{"start":{"line":20,"column":19},"end":{"line":30,"column":1}},"3":{"start":{"line":24,"column":8},"end":{"line":28,"column":11}},"4":{"start":{"line":32,"column":0},"end":{"line":32,"column":56}}},"fnMap":{"0":{"name":"(anonymous_0)","decl":{"start":{"line":23,"column":13},"end":{"line":23,"column":14}},"loc":{"start":{"line":23,"column":33},"end":{"line":29,"column":5}},"line":23}},"branchMap":{},"s":{"0":2,"1":2,"2":2,"3":0,"4":2},"f":{"0":0},"b":{},"_coverageSchema":"1a1c01bbd47fc00a2c39e90264f33305004495a9","hash":"ec8bb64bd39eedf6d0eb2fdf28bbf7b573daaddd"}
,"/Users/mikhail/Desktop/GoIT/nodejs-homework-api/helpers/create-folder.js": {"path":"/Users/mikhail/Desktop/GoIT/nodejs-homework-api/helpers/create-folder.js","statementMap":{"0":{"start":{"line":1,"column":11},"end":{"line":1,"column":33}},"1":{"start":{"line":3,"column":21},"end":{"line":6,"column":1}},"2":{"start":{"line":5,"column":4},"end":{"line":5,"column":63}},"3":{"start":{"line":5,"column":38},"end":{"line":5,"column":42}},"4":{"start":{"line":5,"column":56},"end":{"line":5,"column":61}},"5":{"start":{"line":8,"column":31},"end":{"line":14,"column":1}},"6":{"start":{"line":10,"column":4},"end":{"line":13,"column":5}},"7":{"start":{"line":12,"column":8},"end":{"line":12,"column":31}},"8":{"start":{"line":16,"column":0},"end":{"line":16,"column":40}}},"fnMap":{"0":{"name":"(anonymous_0)","decl":{"start":{"line":3,"column":21},"end":{"line":3,"column":22}},"loc":{"start":{"line":3,"column":31},"end":{"line":6,"column":1}},"line":3},"1":{"name":"(anonymous_1)","decl":{"start":{"line":5,"column":32},"end":{"line":5,"column":33}},"loc":{"start":{"line":5,"column":38},"end":{"line":5,"column":42}},"line":5},"2":{"name":"(anonymous_2)","decl":{"start":{"line":5,"column":50},"end":{"line":5,"column":51}},"loc":{"start":{"line":5,"column":56},"end":{"line":5,"column":61}},"line":5},"3":{"name":"(anonymous_3)","decl":{"start":{"line":8,"column":31},"end":{"line":8,"column":32}},"loc":{"start":{"line":8,"column":49},"end":{"line":14,"column":1}},"line":8}},"branchMap":{"0":{"loc":{"start":{"line":10,"column":4},"end":{"line":13,"column":5}},"type":"if","locations":[{"start":{"line":10,"column":4},"end":{"line":13,"column":5}},{"start":{"line":10,"column":4},"end":{"line":13,"column":5}}],"line":10}},"s":{"0":1,"1":1,"2":1,"3":1,"4":0,"5":1,"6":1,"7":0,"8":1},"f":{"0":1,"1":1,"2":0,"3":1},"b":{"0":[0,1]},"_coverageSchema":"1a1c01bbd47fc00a2c39e90264f33305004495a9","hash":"b96c428db534d7a22d25c852e34ff5e5e1847283"}
,"/Users/mikhail/Desktop/GoIT/nodejs-homework-api/helpers/guard.js": {"path":"/Users/mikhail/Desktop/GoIT/nodejs-homework-api/helpers/guard.js","statementMap":{"0":{"start":{"line":1,"column":17},"end":{"line":1,"column":36}},"1":{"start":{"line":2,"column":0},"end":{"line":2,"column":30}},"2":{"start":{"line":3,"column":21},"end":{"line":3,"column":43}},"3":{"start":{"line":5,"column":14},"end":{"line":25,"column":1}},"4":{"start":{"line":6,"column":4},"end":{"line":24,"column":23}},"5":{"start":{"line":7,"column":27},"end":{"line":7,"column":51}},"6":{"start":{"line":9,"column":20},"end":{"line":9,"column":24}},"7":{"start":{"line":10,"column":8},"end":{"line":12,"column":9}},"8":{"start":{"line":11,"column":12},"end":{"line":11,"column":45}},"9":{"start":{"line":14,"column":8},"end":{"line":20,"column":9}},"10":{"start":{"line":15,"column":12},"end":{"line":19,"column":15}},"11":{"start":{"line":22,"column":8},"end":{"line":22,"column":24}},"12":{"start":{"line":23,"column":8},"end":{"line":23,"column":22}},"13":{"start":{"line":27,"column":0},"end":{"line":27,"column":23}}},"fnMap":{"0":{"name":"(anonymous_0)","decl":{"start":{"line":5,"column":14},"end":{"line":5,"column":15}},"loc":{"start":{"line":5,"column":34},"end":{"line":25,"column":1}},"line":5},"1":{"name":"(anonymous_1)","decl":{"start":{"line":6,"column":53},"end":{"line":6,"column":54}},"loc":{"start":{"line":6,"column":70},"end":{"line":24,"column":5}},"line":6}},"branchMap":{"0":{"loc":{"start":{"line":10,"column":8},"end":{"line":12,"column":9}},"type":"if","locations":[{"start":{"line":10,"column":8},"end":{"line":12,"column":9}},{"start":{"line":10,"column":8},"end":{"line":12,"column":9}}],"line":10},"1":{"loc":{"start":{"line":14,"column":8},"end":{"line":20,"column":9}},"type":"if","locations":[{"start":{"line":14,"column":8},"end":{"line":20,"column":9}},{"start":{"line":14,"column":8},"end":{"line":20,"column":9}}],"line":14},"2":{"loc":{"start":{"line":14,"column":12},"end":{"line":14,"column":51}},"type":"binary-expr","locations":[{"start":{"line":14,"column":12},"end":{"line":14,"column":17}},{"start":{"line":14,"column":21},"end":{"line":14,"column":26}},{"start":{"line":14,"column":30},"end":{"line":14,"column":51}}],"line":14}},"s":{"0":2,"1":2,"2":2,"3":2,"4":5,"5":5,"6":5,"7":5,"8":5,"9":5,"10":3,"11":2,"12":2,"13":2},"f":{"0":5,"1":5},"b":{"0":[5,0],"1":[3,2],"2":[5,5,3]},"_coverageSchema":"1a1c01bbd47fc00a2c39e90264f33305004495a9","hash":"159abf943766c5d4fee9d72cded92f68998478dc"}
,"/Users/mikhail/Desktop/GoIT/nodejs-homework-api/helpers/upload.js": {"path":"/Users/mikhail/Desktop/GoIT/nodejs-homework-api/helpers/upload.js","statementMap":{"0":{"start":{"line":1,"column":15},"end":{"line":1,"column":32}},"1":{"start":{"line":2,"column":13},"end":{"line":2,"column":28}},"2":{"start":{"line":3,"column":21},"end":{"line":3,"column":43}},"3":{"start":{"line":5,"column":0},"end":{"line":5,"column":27}},"4":{"start":{"line":7,"column":19},"end":{"line":7,"column":41}},"5":{"start":{"line":9,"column":16},"end":{"line":17,"column":2}},"6":{"start":{"line":11,"column":8},"end":{"line":11,"column":28}},"7":{"start":{"line":14,"column":29},"end":{"line":14,"column":79}},"8":{"start":{"line":15,"column":8},"end":{"line":15,"column":68}},"9":{"start":{"line":19,"column":15},"end":{"line":31,"column":2}},"10":{"start":{"line":23,"column":8},"end":{"line":26,"column":9}},"11":{"start":{"line":24,"column":12},"end":{"line":24,"column":27}},"12":{"start":{"line":25,"column":12},"end":{"line":25,"column":19}},"13":{"start":{"line":27,"column":22},"end":{"line":27,"column":59}},"14":{"start":{"line":28,"column":8},"end":{"line":28,"column":44}},"15":{"start":{"line":29,"column":8},"end":{"line":29,"column":18}},"16":{"start":{"line":34,"column":0},"end":{"line":34,"column":24}}},"fnMap":{"0":{"name":"(anonymous_0)","decl":{"start":{"line":10,"column":17},"end":{"line":10,"column":18}},"loc":{"start":{"line":10,"column":42},"end":{"line":12,"column":5}},"line":10},"1":{"name":"(anonymous_1)","decl":{"start":{"line":13,"column":14},"end":{"line":13,"column":15}},"loc":{"start":{"line":13,"column":39},"end":{"line":16,"column":5}},"line":13},"2":{"name":"(anonymous_2)","decl":{"start":{"line":22,"column":16},"end":{"line":22,"column":17}},"loc":{"start":{"line":22,"column":35},"end":{"line":30,"column":5}},"line":22}},"branchMap":{"0":{"loc":{"start":{"line":23,"column":8},"end":{"line":26,"column":9}},"type":"if","locations":[{"start":{"line":23,"column":8},"end":{"line":26,"column":9}},{"start":{"line":23,"column":8},"end":{"line":26,"column":9}}],"line":23}},"s":{"0":1,"1":1,"2":1,"3":1,"4":1,"5":1,"6":1,"7":1,"8":1,"9":1,"10":1,"11":1,"12":1,"13":0,"14":0,"15":0,"16":1},"f":{"0":1,"1":1,"2":1},"b":{"0":[1,0]},"_coverageSchema":"1a1c01bbd47fc00a2c39e90264f33305004495a9","hash":"f779e4a96776578e6b60cd4f12c411121113c517"}
,"/Users/mikhail/Desktop/GoIT/nodejs-homework-api/model/contact.js": {"path":"/Users/mikhail/Desktop/GoIT/nodejs-homework-api/model/contact.js","statementMap":{"0":{"start":{"line":1,"column":39},"end":{"line":1,"column":58}},"1":{"start":{"line":2,"column":25},"end":{"line":2,"column":56}},"2":{"start":{"line":4,"column":22},"end":{"line":44,"column":1}},"3":{"start":{"line":31,"column":16},"end":{"line":31,"column":31}},"4":{"start":{"line":32,"column":16},"end":{"line":32,"column":27}},"5":{"start":{"line":39,"column":16},"end":{"line":39,"column":31}},"6":{"start":{"line":40,"column":16},"end":{"line":40,"column":27}},"7":{"start":{"line":46,"column":0},"end":{"line":49,"column":3}},"8":{"start":{"line":47,"column":15},"end":{"line":47,"column":26}},"9":{"start":{"line":48,"column":4},"end":{"line":48,"column":34}},"10":{"start":{"line":51,"column":0},"end":{"line":51,"column":39}},"11":{"start":{"line":53,"column":22},"end":{"line":53,"column":53}},"12":{"start":{"line":55,"column":0},"end":{"line":55,"column":31}}},"fnMap":{"0":{"name":"(anonymous_0)","decl":{"start":{"line":30,"column":23},"end":{"line":30,"column":24}},"loc":{"start":{"line":30,"column":43},"end":{"line":33,"column":13}},"line":30},"1":{"name":"(anonymous_1)","decl":{"start":{"line":38,"column":23},"end":{"line":38,"column":24}},"loc":{"start":{"line":38,"column":43},"end":{"line":41,"column":13}},"line":38},"2":{"name":"(anonymous_2)","decl":{"start":{"line":46,"column":36},"end":{"line":46,"column":37}},"loc":{"start":{"line":46,"column":47},"end":{"line":49,"column":1}},"line":46}},"branchMap":{},"s":{"0":1,"1":1,"2":1,"3":0,"4":0,"5":0,"6":0,"7":1,"8":0,"9":0,"10":1,"11":1,"12":1},"f":{"0":0,"1":0,"2":0},"b":{},"_coverageSchema":"1a1c01bbd47fc00a2c39e90264f33305004495a9","hash":"f7b40a9da9d3c89cf9fca63dee6d6836c078a977"}
,"/Users/mikhail/Desktop/GoIT/nodejs-homework-api/model/db.js": {"path":"/Users/mikhail/Desktop/GoIT/nodejs-homework-api/model/db.js","statementMap":{"0":{"start":{"line":1,"column":17},"end":{"line":1,"column":36}},"1":{"start":{"line":2,"column":0},"end":{"line":2,"column":27}},"2":{"start":{"line":3,"column":12},"end":{"line":3,"column":16}},"3":{"start":{"line":5,"column":0},"end":{"line":9,"column":1}},"4":{"start":{"line":6,"column":4},"end":{"line":6,"column":36}},"5":{"start":{"line":8,"column":4},"end":{"line":8,"column":32}},"6":{"start":{"line":11,"column":11},"end":{"line":17,"column":2}},"7":{"start":{"line":19,"column":0},"end":{"line":31,"column":1}},"8":{"start":{"line":20,"column":4},"end":{"line":22,"column":7}},"9":{"start":{"line":21,"column":8},"end":{"line":21,"column":64}},"10":{"start":{"line":24,"column":4},"end":{"line":26,"column":7}},"11":{"start":{"line":25,"column":8},"end":{"line":25,"column":62}},"12":{"start":{"line":28,"column":4},"end":{"line":30,"column":7}},"13":{"start":{"line":29,"column":8},"end":{"line":29,"column":45}},"14":{"start":{"line":33,"column":0},"end":{"line":38,"column":3}},"15":{"start":{"line":34,"column":4},"end":{"line":37,"column":7}},"16":{"start":{"line":35,"column":8},"end":{"line":35,"column":51}},"17":{"start":{"line":36,"column":8},"end":{"line":36,"column":24}},"18":{"start":{"line":40,"column":0},"end":{"line":40,"column":20}}},"fnMap":{"0":{"name":"(anonymous_0)","decl":{"start":{"line":20,"column":40},"end":{"line":20,"column":41}},"loc":{"start":{"line":20,"column":46},"end":{"line":22,"column":5}},"line":20},"1":{"name":"(anonymous_1)","decl":{"start":{"line":24,"column":36},"end":{"line":24,"column":37}},"loc":{"start":{"line":24,"column":43},"end":{"line":26,"column":5}},"line":24},"2":{"name":"(anonymous_2)","decl":{"start":{"line":28,"column":43},"end":{"line":28,"column":44}},"loc":{"start":{"line":28,"column":50},"end":{"line":30,"column":5}},"line":28},"3":{"name":"(anonymous_3)","decl":{"start":{"line":33,"column":21},"end":{"line":33,"column":22}},"loc":{"start":{"line":33,"column":33},"end":{"line":38,"column":1}},"line":33},"4":{"name":"(anonymous_4)","decl":{"start":{"line":34,"column":30},"end":{"line":34,"column":31}},"loc":{"start":{"line":34,"column":36},"end":{"line":37,"column":5}},"line":34}},"branchMap":{"0":{"loc":{"start":{"line":5,"column":0},"end":{"line":9,"column":1}},"type":"if","locations":[{"start":{"line":5,"column":0},"end":{"line":9,"column":1}},{"start":{"line":5,"column":0},"end":{"line":9,"column":1}}],"line":5},"1":{"loc":{"start":{"line":19,"column":0},"end":{"line":31,"column":1}},"type":"if","locations":[{"start":{"line":19,"column":0},"end":{"line":31,"column":1}},{"start":{"line":19,"column":0},"end":{"line":31,"column":1}}],"line":19}},"s":{"0":1,"1":1,"2":1,"3":1,"4":1,"5":0,"6":1,"7":1,"8":0,"9":0,"10":0,"11":0,"12":0,"13":0,"14":1,"15":0,"16":0,"17":0,"18":1},"f":{"0":0,"1":0,"2":0,"3":0,"4":0},"b":{"0":[1,0],"1":[0,1]},"_coverageSchema":"1a1c01bbd47fc00a2c39e90264f33305004495a9","hash":"3576ac556c7da48eee7205794b37a3d1e8b0e8c3"}
,"/Users/mikhail/Desktop/GoIT/nodejs-homework-api/model/user.js": {"path":"/Users/mikhail/Desktop/GoIT/nodejs-homework-api/model/user.js","statementMap":{"0":{"start":{"line":1,"column":26},"end":{"line":1,"column":45}},"1":{"start":{"line":2,"column":11},"end":{"line":2,"column":30}},"2":{"start":{"line":3,"column":15},"end":{"line":3,"column":34}},"3":{"start":{"line":4,"column":25},"end":{"line":4,"column":56}},"4":{"start":{"line":9,"column":25},"end":{"line":9,"column":26}},"5":{"start":{"line":11,"column":19},"end":{"line":40,"column":2}},"6":{"start":{"line":21,"column":17},"end":{"line":21,"column":32}},"7":{"start":{"line":22,"column":6},"end":{"line":22,"column":50}},"8":{"start":{"line":37,"column":6},"end":{"line":37,"column":52}},"9":{"start":{"line":42,"column":0},"end":{"line":48,"column":3}},"10":{"start":{"line":43,"column":2},"end":{"line":46,"column":3}},"11":{"start":{"line":44,"column":17},"end":{"line":44,"column":55}},"12":{"start":{"line":45,"column":4},"end":{"line":45,"column":59}},"13":{"start":{"line":47,"column":2},"end":{"line":47,"column":9}},"14":{"start":{"line":50,"column":0},"end":{"line":52,"column":2}},"15":{"start":{"line":51,"column":2},"end":{"line":51,"column":55}},"16":{"start":{"line":54,"column":19},"end":{"line":54,"column":44}},"17":{"start":{"line":56,"column":0},"end":{"line":56,"column":28}}},"fnMap":{"0":{"name":"(anonymous_0)","decl":{"start":{"line":20,"column":4},"end":{"line":20,"column":5}},"loc":{"start":{"line":20,"column":20},"end":{"line":23,"column":5}},"line":20},"1":{"name":"(anonymous_1)","decl":{"start":{"line":36,"column":13},"end":{"line":36,"column":14}},"loc":{"start":{"line":36,"column":25},"end":{"line":38,"column":5}},"line":36},"2":{"name":"(anonymous_2)","decl":{"start":{"line":42,"column":23},"end":{"line":42,"column":24}},"loc":{"start":{"line":42,"column":45},"end":{"line":48,"column":1}},"line":42},"3":{"name":"(anonymous_3)","decl":{"start":{"line":50,"column":37},"end":{"line":50,"column":38}},"loc":{"start":{"line":50,"column":63},"end":{"line":52,"column":1}},"line":50}},"branchMap":{"0":{"loc":{"start":{"line":43,"column":2},"end":{"line":46,"column":3}},"type":"if","locations":[{"start":{"line":43,"column":2},"end":{"line":46,"column":3}},{"start":{"line":43,"column":2},"end":{"line":46,"column":3}}],"line":43}},"s":{"0":2,"1":2,"2":2,"3":2,"4":2,"5":2,"6":1,"7":1,"8":1,"9":2,"10":1,"11":1,"12":1,"13":1,"14":2,"15":0,"16":2,"17":2},"f":{"0":1,"1":1,"2":1,"3":0},"b":{"0":[1,0]},"_coverageSchema":"1a1c01bbd47fc00a2c39e90264f33305004495a9","hash":"c1392192a0775aeb1d43f1bc6279763d126edca0"}
,"/Users/mikhail/Desktop/GoIT/nodejs-homework-api/repositories/contacts.js": {"path":"/Users/mikhail/Desktop/GoIT/nodejs-homework-api/repositories/contacts.js","statementMap":{"0":{"start":{"line":1,"column":22},"end":{"line":1,"column":49}},"1":{"start":{"line":3,"column":21},"end":{"line":31,"column":1}},"2":{"start":{"line":5,"column":2},"end":{"line":5,"column":21}},"3":{"start":{"line":14,"column":6},"end":{"line":14,"column":11}},"4":{"start":{"line":16,"column":24},"end":{"line":16,"column":41}},"5":{"start":{"line":17,"column":2},"end":{"line":19,"column":3}},"6":{"start":{"line":18,"column":4},"end":{"line":18,"column":38}},"7":{"start":{"line":21,"column":18},"end":{"line":28,"column":3}},"8":{"start":{"line":30,"column":2},"end":{"line":30,"column":17}},"9":{"start":{"line":33,"column":23},"end":{"line":39,"column":1}},"10":{"start":{"line":34,"column":22},"end":{"line":37,"column":4}},"11":{"start":{"line":38,"column":2},"end":{"line":38,"column":21}},"12":{"start":{"line":41,"column":22},"end":{"line":44,"column":1}},"13":{"start":{"line":42,"column":17},"end":{"line":42,"column":88}},"14":{"start":{"line":43,"column":2},"end":{"line":43,"column":16}},"15":{"start":{"line":46,"column":19},"end":{"line":49,"column":1}},"16":{"start":{"line":47,"column":17},"end":{"line":47,"column":71}},"17":{"start":{"line":48,"column":2},"end":{"line":48,"column":16}},"18":{"start":{"line":51,"column":22},"end":{"line":58,"column":1}},"19":{"start":{"line":52,"column":17},"end":{"line":56,"column":3}},"20":{"start":{"line":57,"column":2},"end":{"line":57,"column":16}},"21":{"start":{"line":60,"column":28},"end":{"line":67,"column":1}},"22":{"start":{"line":61,"column":17},"end":{"line":65,"column":3}},"23":{"start":{"line":66,"column":2},"end":{"line":66,"column":16}},"24":{"start":{"line":69,"column":0},"end":{"line":76,"column":2}}},"fnMap":{"0":{"name":"(anonymous_0)","decl":{"start":{"line":3,"column":21},"end":{"line":3,"column":22}},"loc":{"start":{"line":3,"column":46},"end":{"line":31,"column":1}},"line":3},"1":{"name":"(anonymous_1)","decl":{"start":{"line":33,"column":23},"end":{"line":33,"column":24}},"loc":{"start":{"line":33,"column":52},"end":{"line":39,"column":1}},"line":33},"2":{"name":"(anonymous_2)","decl":{"start":{"line":41,"column":22},"end":{"line":41,"column":23}},"loc":{"start":{"line":41,"column":51},"end":{"line":44,"column":1}},"line":41},"3":{"name":"(anonymous_3)","decl":{"start":{"line":46,"column":19},"end":{"line":46,"column":20}},"loc":{"start":{"line":46,"column":43},"end":{"line":49,"column":1}},"line":46},"4":{"name":"(anonymous_4)","decl":{"start":{"line":51,"column":22},"end":{"line":51,"column":23}},"loc":{"start":{"line":51,"column":57},"end":{"line":58,"column":1}},"line":51},"5":{"name":"(anonymous_5)","decl":{"start":{"line":60,"column":28},"end":{"line":60,"column":29}},"loc":{"start":{"line":60,"column":63},"end":{"line":67,"column":1}},"line":60}},"branchMap":{"0":{"loc":{"start":{"line":11,"column":4},"end":{"line":11,"column":12}},"type":"default-arg","locations":[{"start":{"line":11,"column":11},"end":{"line":11,"column":12}}],"line":11},"1":{"loc":{"start":{"line":12,"column":4},"end":{"line":12,"column":13}},"type":"default-arg","locations":[{"start":{"line":12,"column":12},"end":{"line":12,"column":13}}],"line":12},"2":{"loc":{"start":{"line":13,"column":4},"end":{"line":13,"column":19}},"type":"default-arg","locations":[{"start":{"line":13,"column":15},"end":{"line":13,"column":19}}],"line":13},"3":{"loc":{"start":{"line":17,"column":2},"end":{"line":19,"column":3}},"type":"if","locations":[{"start":{"line":17,"column":2},"end":{"line":19,"column":3}},{"start":{"line":17,"column":2},"end":{"line":19,"column":3}}],"line":17}},"s":{"0":1,"1":1,"2":0,"3":0,"4":0,"5":0,"6":0,"7":0,"8":0,"9":1,"10":0,"11":0,"12":1,"13":0,"14":0,"15":1,"16":0,"17":0,"18":1,"19":0,"20":0,"21":1,"22":0,"23":0,"24":1},"f":{"0":0,"1":0,"2":0,"3":0,"4":0,"5":0},"b":{"0":[0],"1":[0],"2":[0],"3":[0,0]},"_coverageSchema":"1a1c01bbd47fc00a2c39e90264f33305004495a9","hash":"7cbf655be341f3104a70224e0b41a1a6b2841d36"}
,"/Users/mikhail/Desktop/GoIT/nodejs-homework-api/repositories/users.js": {"path":"/Users/mikhail/Desktop/GoIT/nodejs-homework-api/repositories/users.js","statementMap":{"0":{"start":{"line":1,"column":13},"end":{"line":1,"column":37}},"1":{"start":{"line":3,"column":17},"end":{"line":5,"column":1}},"2":{"start":{"line":4,"column":4},"end":{"line":4,"column":35}},"3":{"start":{"line":7,"column":20},"end":{"line":9,"column":1}},"4":{"start":{"line":8,"column":4},"end":{"line":8,"column":41}},"5":{"start":{"line":11,"column":20},"end":{"line":13,"column":1}},"6":{"start":{"line":12,"column":4},"end":{"line":12,"column":41}},"7":{"start":{"line":15,"column":15},"end":{"line":18,"column":1}},"8":{"start":{"line":16,"column":17},"end":{"line":16,"column":31}},"9":{"start":{"line":17,"column":4},"end":{"line":17,"column":29}},"10":{"start":{"line":20,"column":20},"end":{"line":22,"column":1}},"11":{"start":{"line":21,"column":4},"end":{"line":21,"column":56}},"12":{"start":{"line":24,"column":27},"end":{"line":26,"column":1}},"13":{"start":{"line":25,"column":4},"end":{"line":25,"column":63}},"14":{"start":{"line":28,"column":21},"end":{"line":30,"column":1}},"15":{"start":{"line":29,"column":4},"end":{"line":29,"column":60}},"16":{"start":{"line":32,"column":0},"end":{"line":40,"column":2}}},"fnMap":{"0":{"name":"(anonymous_0)","decl":{"start":{"line":3,"column":17},"end":{"line":3,"column":18}},"loc":{"start":{"line":3,"column":31},"end":{"line":5,"column":1}},"line":3},"1":{"name":"(anonymous_1)","decl":{"start":{"line":7,"column":20},"end":{"line":7,"column":21}},"loc":{"start":{"line":7,"column":37},"end":{"line":9,"column":1}},"line":7},"2":{"name":"(anonymous_2)","decl":{"start":{"line":11,"column":20},"end":{"line":11,"column":21}},"loc":{"start":{"line":11,"column":37},"end":{"line":13,"column":1}},"line":11},"3":{"name":"(anonymous_3)","decl":{"start":{"line":15,"column":15},"end":{"line":15,"column":16}},"loc":{"start":{"line":15,"column":31},"end":{"line":18,"column":1}},"line":15},"4":{"name":"(anonymous_4)","decl":{"start":{"line":20,"column":20},"end":{"line":20,"column":21}},"loc":{"start":{"line":20,"column":41},"end":{"line":22,"column":1}},"line":20},"5":{"name":"(anonymous_5)","decl":{"start":{"line":24,"column":27},"end":{"line":24,"column":28}},"loc":{"start":{"line":24,"column":55},"end":{"line":26,"column":1}},"line":24},"6":{"name":"(anonymous_6)","decl":{"start":{"line":28,"column":21},"end":{"line":28,"column":22}},"loc":{"start":{"line":28,"column":46},"end":{"line":30,"column":1}},"line":28}},"branchMap":{},"s":{"0":2,"1":2,"2":1,"3":2,"4":0,"5":2,"6":0,"7":2,"8":0,"9":0,"10":2,"11":1,"12":2,"13":0,"14":2,"15":1,"16":2},"f":{"0":1,"1":0,"2":0,"3":0,"4":1,"5":0,"6":1},"b":{},"_coverageSchema":"1a1c01bbd47fc00a2c39e90264f33305004495a9","hash":"3756ed7f80577134e6be4b38df971b5a5e53a9f9"}
,"/Users/mikhail/Desktop/GoIT/nodejs-homework-api/routes/api/contacts.js": {"path":"/Users/mikhail/Desktop/GoIT/nodejs-homework-api/routes/api/contacts.js","statementMap":{"0":{"start":{"line":1,"column":16},"end":{"line":1,"column":34}},"1":{"start":{"line":2,"column":15},"end":{"line":2,"column":31}},"2":{"start":{"line":3,"column":21},"end":{"line":3,"column":61}},"3":{"start":{"line":4,"column":14},"end":{"line":4,"column":44}},"4":{"start":{"line":11,"column":4},"end":{"line":11,"column":53}},"5":{"start":{"line":13,"column":0},"end":{"line":13,"column":52}},"6":{"start":{"line":15,"column":0},"end":{"line":15,"column":79}},"7":{"start":{"line":17,"column":0},"end":{"line":17,"column":72}},"8":{"start":{"line":19,"column":0},"end":{"line":19,"column":81}},"9":{"start":{"line":21,"column":0},"end":{"line":21,"column":101}},"10":{"start":{"line":23,"column":0},"end":{"line":23,"column":124}},"11":{"start":{"line":25,"column":0},"end":{"line":25,"column":24}}},"fnMap":{},"branchMap":{},"s":{"0":1,"1":1,"2":1,"3":1,"4":1,"5":1,"6":1,"7":1,"8":1,"9":1,"10":1,"11":1},"f":{},"b":{},"_coverageSchema":"1a1c01bbd47fc00a2c39e90264f33305004495a9","hash":"73758801b8823238455860982e27daaa6564b078"}
,"/Users/mikhail/Desktop/GoIT/nodejs-homework-api/routes/api/users.js": {"path":"/Users/mikhail/Desktop/GoIT/nodejs-homework-api/routes/api/users.js","statementMap":{"0":{"start":{"line":1,"column":16},"end":{"line":1,"column":34}},"1":{"start":{"line":2,"column":15},"end":{"line":2,"column":31}},"2":{"start":{"line":3,"column":13},"end":{"line":3,"column":47}},"3":{"start":{"line":4,"column":14},"end":{"line":4,"column":44}},"4":{"start":{"line":7,"column":4},"end":{"line":7,"column":46}},"5":{"start":{"line":8,"column":15},"end":{"line":8,"column":46}},"6":{"start":{"line":10,"column":0},"end":{"line":10,"column":54}},"7":{"start":{"line":11,"column":0},"end":{"line":11,"column":48}},"8":{"start":{"line":12,"column":0},"end":{"line":12,"column":43}},"9":{"start":{"line":13,"column":0},"end":{"line":13,"column":44}},"10":{"start":{"line":14,"column":0},"end":{"line":14,"column":82}},"11":{"start":{"line":15,"column":0},"end":{"line":15,"column":71}},"12":{"start":{"line":17,"column":0},"end":{"line":17,"column":24}}},"fnMap":{},"branchMap":{},"s":{"0":1,"1":1,"2":1,"3":1,"4":1,"5":1,"6":1,"7":1,"8":1,"9":1,"10":1,"11":1,"12":1},"f":{},"b":{},"_coverageSchema":"1a1c01bbd47fc00a2c39e90264f33305004495a9","hash":"6dec1f740440539ab21466c64479c721624a232b"}
,"/Users/mikhail/Desktop/GoIT/nodejs-homework-api/services/local-upload.js": {"path":"/Users/mikhail/Desktop/GoIT/nodejs-homework-api/services/local-upload.js","statementMap":{"0":{"start":{"line":1,"column":13},"end":{"line":1,"column":28}},"1":{"start":{"line":2,"column":13},"end":{"line":2,"column":28}},"2":{"start":{"line":3,"column":11},"end":{"line":3,"column":33}},"3":{"start":{"line":4,"column":31},"end":{"line":4,"column":66}},"4":{"start":{"line":8,"column":8},"end":{"line":8,"column":43}},"5":{"start":{"line":11,"column":24},"end":{"line":11,"column":49}},"6":{"start":{"line":12,"column":8},"end":{"line":15,"column":34}},"7":{"start":{"line":20,"column":8},"end":{"line":20,"column":46}},"8":{"start":{"line":21,"column":33},"end":{"line":21,"column":70}},"9":{"start":{"line":22,"column":8},"end":{"line":22,"column":55}},"10":{"start":{"line":24,"column":8},"end":{"line":24,"column":79}},"11":{"start":{"line":25,"column":8},"end":{"line":25,"column":64}},"12":{"start":{"line":29,"column":0},"end":{"line":29,"column":37}}},"fnMap":{"0":{"name":"(anonymous_0)","decl":{"start":{"line":7,"column":4},"end":{"line":7,"column":5}},"loc":{"start":{"line":7,"column":31},"end":{"line":9,"column":5}},"line":7},"1":{"name":"(anonymous_1)","decl":{"start":{"line":10,"column":4},"end":{"line":10,"column":5}},"loc":{"start":{"line":10,"column":36},"end":{"line":16,"column":5}},"line":10},"2":{"name":"(anonymous_2)","decl":{"start":{"line":18,"column":4},"end":{"line":18,"column":5}},"loc":{"start":{"line":18,"column":39},"end":{"line":26,"column":5}},"line":18}},"branchMap":{},"s":{"0":1,"1":1,"2":1,"3":1,"4":1,"5":1,"6":1,"7":1,"8":1,"9":1,"10":1,"11":1,"12":1},"f":{"0":1,"1":1,"2":1},"b":{},"_coverageSchema":"1a1c01bbd47fc00a2c39e90264f33305004495a9","hash":"09b865315f19955469776a2660b22001cecd2d8a"}
,"/Users/mikhail/Desktop/GoIT/nodejs-homework-api/test/data/data.js": {"path":"/Users/mikhail/Desktop/GoIT/nodejs-homework-api/test/data/data.js","statementMap":{"0":{"start":{"line":1,"column":17},"end":{"line":5,"column":1}},"1":{"start":{"line":7,"column":0},"end":{"line":7,"column":30}}},"fnMap":{},"branchMap":{},"s":{"0":1,"1":1},"f":{},"b":{},"_coverageSchema":"1a1c01bbd47fc00a2c39e90264f33305004495a9","hash":"1b2fb4a7cb1ce3795b13c6e9bd7e72b62cc89c49"}
,"/Users/mikhail/Desktop/GoIT/nodejs-homework-api/validation/contactsValidation.js": {"path":"/Users/mikhail/Desktop/GoIT/nodejs-homework-api/validation/contactsValidation.js","statementMap":{"0":{"start":{"line":1,"column":12},"end":{"line":1,"column":26}},"1":{"start":{"line":2,"column":17},"end":{"line":2,"column":36}},"2":{"start":{"line":4,"column":19},"end":{"line":4,"column":39}},"3":{"start":{"line":5,"column":20},"end":{"line":5,"column":72}},"4":{"start":{"line":7,"column":28},"end":{"line":23,"column":26}},"5":{"start":{"line":25,"column":28},"end":{"line":38,"column":2}},"6":{"start":{"line":40,"column":34},"end":{"line":42,"column":2}},"7":{"start":{"line":44,"column":23},"end":{"line":52,"column":1}},"8":{"start":{"line":45,"column":4},"end":{"line":50,"column":5}},"9":{"start":{"line":46,"column":8},"end":{"line":49,"column":11}},"10":{"start":{"line":51,"column":4},"end":{"line":51,"column":11}},"11":{"start":{"line":54,"column":17},"end":{"line":65,"column":1}},"12":{"start":{"line":55,"column":4},"end":{"line":64,"column":5}},"13":{"start":{"line":56,"column":8},"end":{"line":56,"column":40}},"14":{"start":{"line":57,"column":8},"end":{"line":57,"column":15}},"15":{"start":{"line":60,"column":8},"end":{"line":63,"column":11}},"16":{"start":{"line":67,"column":0},"end":{"line":72,"column":2}},"17":{"start":{"line":68,"column":47},"end":{"line":68,"column":92}},"18":{"start":{"line":69,"column":47},"end":{"line":69,"column":92}},"19":{"start":{"line":70,"column":53},"end":{"line":70,"column":104}},"20":{"start":{"line":71,"column":41},"end":{"line":71,"column":66}}},"fnMap":{"0":{"name":"(anonymous_0)","decl":{"start":{"line":44,"column":23},"end":{"line":44,"column":24}},"loc":{"start":{"line":44,"column":38},"end":{"line":52,"column":1}},"line":44},"1":{"name":"(anonymous_1)","decl":{"start":{"line":54,"column":17},"end":{"line":54,"column":18}},"loc":{"start":{"line":54,"column":46},"end":{"line":65,"column":1}},"line":54},"2":{"name":"(anonymous_2)","decl":{"start":{"line":68,"column":27},"end":{"line":68,"column":28}},"loc":{"start":{"line":68,"column":47},"end":{"line":68,"column":92}},"line":68},"3":{"name":"(anonymous_3)","decl":{"start":{"line":69,"column":27},"end":{"line":69,"column":28}},"loc":{"start":{"line":69,"column":47},"end":{"line":69,"column":92}},"line":69},"4":{"name":"(anonymous_4)","decl":{"start":{"line":70,"column":33},"end":{"line":70,"column":34}},"loc":{"start":{"line":70,"column":53},"end":{"line":70,"column":104}},"line":70},"5":{"name":"(anonymous_5)","decl":{"start":{"line":71,"column":21},"end":{"line":71,"column":22}},"loc":{"start":{"line":71,"column":41},"end":{"line":71,"column":66}},"line":71}},"branchMap":{"0":{"loc":{"start":{"line":45,"column":4},"end":{"line":50,"column":5}},"type":"if","locations":[{"start":{"line":45,"column":4},"end":{"line":50,"column":5}},{"start":{"line":45,"column":4},"end":{"line":50,"column":5}}],"line":45}},"s":{"0":1,"1":1,"2":1,"3":1,"4":1,"5":1,"6":1,"7":1,"8":0,"9":0,"10":0,"11":1,"12":0,"13":0,"14":0,"15":0,"16":1,"17":0,"18":0,"19":0,"20":0},"f":{"0":0,"1":0,"2":0,"3":0,"4":0,"5":0},"b":{"0":[0,0]},"_coverageSchema":"1a1c01bbd47fc00a2c39e90264f33305004495a9","hash":"1febf7451900aa3f9506cd2e0290ebeb8b1b8aa7"}
,"/Users/mikhail/Desktop/GoIT/nodejs-homework-api/validation/userValidation.js": {"path":"/Users/mikhail/Desktop/GoIT/nodejs-homework-api/validation/userValidation.js","statementMap":{"0":{"start":{"line":1,"column":12},"end":{"line":1,"column":26}},"1":{"start":{"line":2,"column":17},"end":{"line":2,"column":36}},"2":{"start":{"line":3,"column":25},"end":{"line":3,"column":56}},"3":{"start":{"line":5,"column":23},"end":{"line":5,"column":43}},"4":{"start":{"line":7,"column":19},"end":{"line":28,"column":30}},"5":{"start":{"line":30,"column":37},"end":{"line":34,"column":2}},"6":{"start":{"line":36,"column":23},"end":{"line":44,"column":1}},"7":{"start":{"line":37,"column":4},"end":{"line":42,"column":5}},"8":{"start":{"line":38,"column":8},"end":{"line":41,"column":11}},"9":{"start":{"line":43,"column":4},"end":{"line":43,"column":11}},"10":{"start":{"line":46,"column":17},"end":{"line":57,"column":1}},"11":{"start":{"line":47,"column":4},"end":{"line":56,"column":5}},"12":{"start":{"line":48,"column":8},"end":{"line":48,"column":40}},"13":{"start":{"line":49,"column":8},"end":{"line":49,"column":15}},"14":{"start":{"line":52,"column":8},"end":{"line":55,"column":11}},"15":{"start":{"line":59,"column":0},"end":{"line":63,"column":2}},"16":{"start":{"line":60,"column":38},"end":{"line":60,"column":74}},"17":{"start":{"line":61,"column":56},"end":{"line":61,"column":110}},"18":{"start":{"line":62,"column":41},"end":{"line":62,"column":66}}},"fnMap":{"0":{"name":"(anonymous_0)","decl":{"start":{"line":36,"column":23},"end":{"line":36,"column":24}},"loc":{"start":{"line":36,"column":38},"end":{"line":44,"column":1}},"line":36},"1":{"name":"(anonymous_1)","decl":{"start":{"line":46,"column":17},"end":{"line":46,"column":18}},"loc":{"start":{"line":46,"column":46},"end":{"line":57,"column":1}},"line":46},"2":{"name":"(anonymous_2)","decl":{"start":{"line":60,"column":18},"end":{"line":60,"column":19}},"loc":{"start":{"line":60,"column":38},"end":{"line":60,"column":74}},"line":60},"3":{"name":"(anonymous_3)","decl":{"start":{"line":61,"column":36},"end":{"line":61,"column":37}},"loc":{"start":{"line":61,"column":56},"end":{"line":61,"column":110}},"line":61},"4":{"name":"(anonymous_4)","decl":{"start":{"line":62,"column":21},"end":{"line":62,"column":22}},"loc":{"start":{"line":62,"column":41},"end":{"line":62,"column":66}},"line":62}},"branchMap":{"0":{"loc":{"start":{"line":37,"column":4},"end":{"line":42,"column":5}},"type":"if","locations":[{"start":{"line":37,"column":4},"end":{"line":42,"column":5}},{"start":{"line":37,"column":4},"end":{"line":42,"column":5}}],"line":37}},"s":{"0":1,"1":1,"2":1,"3":1,"4":1,"5":1,"6":1,"7":0,"8":0,"9":0,"10":1,"11":0,"12":0,"13":0,"14":0,"15":1,"16":0,"17":0,"18":0},"f":{"0":0,"1":0,"2":0,"3":0,"4":0},"b":{"0":[0,0]},"_coverageSchema":"1a1c01bbd47fc00a2c39e90264f33305004495a9","hash":"4ace9e49e67226cd78073fa4bf3b24aad888809a"}
}
